<?xml version="1.0" encoding="UTF-8"?>
<testsuite xmlns:xsi="http://www.w3.org/2001/XMLSchema-instance" xsi:noNamespaceSchemaLocation="https://maven.apache.org/surefire/maven-surefire-plugin/xsd/surefire-test-report.xsd" name="TestData" time="0.096" tests="1" errors="1" skipped="0" failures="0">
  <properties>
[...]
</properties>
  <testcase name="getData" classname="TestData" time="0.037">
    <error message="edu.usts.sddb.util.ResultUtil.getDataFromRules()V" type="java.lang.NoSuchMethodError">java.lang.NoSuchMethodError: edu.usts.sddb.util.ResultUtil.getDataFromRules()V
	at TestData.getData(TestData.java:7)
</error>
  </testcase>
</testsuite>